<?xml version="1.0" encoding="UTF-8"?>
<!-- Generated by org.testng.reporters.JUnitReportReporter -->
<testsuite hostname="DESKTOP-D1QK334" failures="0" tests="1" name="tesy.AddToCart" time="4.060" errors="0" timestamp="2022-10-05T13:00:59 IST" skipped="0">
  <testcase classname="tesy.AddToCart" name="search" time="4.060"/>
  <system-out/>
</testsuite> <!-- tesy.AddToCart -->
