<?xml version="1.0" encoding="UTF-8"?>
<!-- Generated by org.testng.reporters.JUnitReportReporter -->
<testsuite hostname="DESKTOP-D1QK334" failures="0" tests="1" name="tesy.InvalidLogin" time="2.166" errors="0" timestamp="2022-10-04T09:38:19 IST" skipped="0">
  <testcase classname="tesy.InvalidLogin" name="f" time="2.166"/>
  <system-out/>
</testsuite> <!-- tesy.InvalidLogin -->
