<?xml version="1.0" encoding="UTF-8"?>
<!-- Generated by org.testng.reporters.JUnitReportReporter -->
<testsuite hostname="DESKTOP-D1QK334" failures="0" tests="1" name="tesy.Login" time="3.002" errors="0" timestamp="2022-10-20T22:55:56 IST" skipped="0">
  <testcase classname="tesy.Login" name="f" time="3.002"/>
  <system-out/>
</testsuite> <!-- tesy.Login -->
