<?xml version="1.0" encoding="UTF-8"?>
<!-- Generated by org.testng.reporters.JUnitReportReporter -->
<testsuite hostname="DESKTOP-D1QK334" failures="0" tests="1" name="tesy.NewTest" time="3.883" errors="0" timestamp="2022-10-03T23:15:44 IST" skipped="0">
  <testcase classname="tesy.NewTest" name="search" time="3.883"/>
  <system-out/>
</testsuite> <!-- tesy.NewTest -->
