<?xml version="1.0" encoding="UTF-8"?>
<!-- Generated by org.testng.reporters.JUnitReportReporter -->
<testsuite hostname="DESKTOP-D1QK334" failures="0" tests="1" name="tesy.SearchApp" time="1.830" errors="0" timestamp="2022-10-04T09:39:09 IST" skipped="0">
  <testcase classname="tesy.SearchApp" name="f" time="1.830"/>
  <system-out/>
</testsuite> <!-- tesy.SearchApp -->
