<?xml version="1.0" encoding="UTF-8"?>
<!-- Generated by org.testng.reporters.JUnitReportReporter -->
<testsuite hostname="DESKTOP-D1QK334" failures="0" tests="1" name="tesy.Registeration" time="3.097" errors="0" timestamp="2022-10-05T13:01:48 IST" skipped="0">
  <testcase classname="tesy.Registeration" name="f" time="3.097"/>
  <system-out/>
</testsuite> <!-- tesy.Registeration -->
